Nilme/Nilme/app/build/intermediates/manifest_merge_blame_file/debug/manifest-merger-blame-debug-report.txt
1<?xml version="1.0" encoding="utf-8"?>
2<manifest xmlns:android="http://schemas.android.com/apk/res/android"
3    package="com.example.nilme"
4    android:versionCode="1"
5    android:versionName="1.0" >
6
7    <uses-sdk
8        android:minSdkVersion="19"
8-->src\main\AndroidManifest.xml
9        android:targetSdkVersion="30" />
9-->src\main\AndroidManifest.xml
10
11    <application
11-->src\main\AndroidManifest.xml:5:5-28:19
12        android:allowBackup="true"
12-->src\main\AndroidManifest.xml:6:9-35
13        android:appComponentFactory="androidx.core.app.CoreComponentFactory"
13-->[androidx.core:core:1.3.2] AndroidManifest.xml:24:18-86
14        android:debuggable="true"
15        android:icon="@mipmap/ic_launcher"
15-->src\main\AndroidManifest.xml:7:9-43
16        android:label="@string/app_name"
16-->src\main\AndroidManifest.xml:8:9-41
17        android:roundIcon="@mipmap/ic_launcher_round"
17-->src\main\AndroidManifest.xml:9:9-54
18        android:supportsRtl="true"
18-->src\main\AndroidManifest.xml:10:9-35
19        android:testOnly="true"
20        android:theme="@style/Theme.Nilme" >
20-->src\main\AndroidManifest.xml:11:9-43
21        <activity android:name="com.example.nilme.SignUpActivity" >
21-->src\main\AndroidManifest.xml:12:9-18:20
21-->src\main\AndroidManifest.xml:12:19-49
22            <intent-filter>
22-->src\main\AndroidManifest.xml:13:13-17:29
23                <action android:name="android.intent.action.MAIN" />
23-->src\main\AndroidManifest.xml:14:17-69
23-->src\main\AndroidManifest.xml:14:25-66
24
25                <category android:name="android.intent.category.LAUNCHER" />
25-->src\main\AndroidManifest.xml:16:17-77
25-->src\main\AndroidManifest.xml:16:27-74
26            </intent-filter>
27        </activity>
28        <activity android:name="com.example.nilme.SigninActivity2" >
28-->src\main\AndroidManifest.xml:19:9-21:20
28-->src\main\AndroidManifest.xml:19:19-50
29        </activity>
30        <activity android:name="com.example.nilme.AccountSettingActivity" />
30-->src\main\AndroidManifest.xml:22:9-60
30-->src\main\AndroidManifest.xml:22:19-57
31        <activity
31-->src\main\AndroidManifest.xml:23:9-27:20
32            android:name="com.example.nilme.MainActivity"
32-->src\main\AndroidManifest.xml:24:13-41
33            android:label="@string/app_name" >
33-->src\main\AndroidManifest.xml:25:13-45
34        </activity>
35    </application>
36
37</manifest>